{"name":"hexo","hostname":"izm5eiqbgyn5z3c15j5nedz","pid":3438,"level":20,"msg":"Writing database to /webserver/www/blog.tpadmin.top/app/db.json","time":"2020-05-16T01:46:46.225Z","v":0}
{"name":"hexo","hostname":"izm5eiqbgyn5z3c15j5nedz","pid":3438,"level":20,"msg":"Hexo version: \u001b[35m4.2.0\u001b[39m","time":"2020-05-16T01:46:46.263Z","v":0}
{"name":"hexo","hostname":"izm5eiqbgyn5z3c15j5nedz","pid":3438,"level":20,"msg":"Working directory: \u001b[35m/webserver/www/blog.tpadmin.top/app/\u001b[39m","time":"2020-05-16T01:46:46.263Z","v":0}
{"name":"hexo","hostname":"izm5eiqbgyn5z3c15j5nedz","pid":3438,"level":20,"msg":"Config loaded: \u001b[35m/webserver/www/blog.tpadmin.top/app/_config.yml\u001b[39m","time":"2020-05-16T01:46:46.671Z","v":0}
{"name":"hexo","hostname":"izm5eiqbgyn5z3c15j5nedz","pid":3438,"level":20,"msg":"Plugin loaded: \u001b[35mhexo-generator-feed\u001b[39m","time":"2020-05-16T01:46:46.772Z","v":0}
{"name":"hexo","hostname":"izm5eiqbgyn5z3c15j5nedz","pid":3438,"level":20,"msg":"Plugin loaded: \u001b[35mhexo-generator-archive\u001b[39m","time":"2020-05-16T01:46:46.779Z","v":0}
{"name":"hexo","hostname":"izm5eiqbgyn5z3c15j5nedz","pid":3438,"level":20,"msg":"Plugin loaded: \u001b[35mhexo-deployer-git\u001b[39m","time":"2020-05-16T01:46:46.785Z","v":0}
{"name":"hexo","hostname":"izm5eiqbgyn5z3c15j5nedz","pid":3438,"level":20,"msg":"Plugin loaded: \u001b[35mhexo-generator-category\u001b[39m","time":"2020-05-16T01:46:46.788Z","v":0}
{"name":"hexo","hostname":"izm5eiqbgyn5z3c15j5nedz","pid":3438,"level":20,"msg":"Plugin loaded: \u001b[35mhexo-generator-index-pin-top\u001b[39m","time":"2020-05-16T01:46:46.804Z","v":0}
{"name":"hexo","hostname":"izm5eiqbgyn5z3c15j5nedz","pid":3438,"level":20,"msg":"Plugin loaded: \u001b[35mhexo-generator-tag\u001b[39m","time":"2020-05-16T01:46:46.807Z","v":0}
{"name":"hexo","hostname":"izm5eiqbgyn5z3c15j5nedz","pid":3438,"level":20,"msg":"Plugin loaded: \u001b[35mhexo-renderer-ejs\u001b[39m","time":"2020-05-16T01:46:46.826Z","v":0}
{"name":"hexo","hostname":"izm5eiqbgyn5z3c15j5nedz","pid":3438,"level":20,"msg":"Plugin loaded: \u001b[35mhexo-generator-searchdb\u001b[39m","time":"2020-05-16T01:46:46.835Z","v":0}
{"name":"hexo","hostname":"izm5eiqbgyn5z3c15j5nedz","pid":3438,"level":20,"msg":"Plugin loaded: \u001b[35mhexo-renderer-marked\u001b[39m","time":"2020-05-16T01:46:47.065Z","v":0}
{"name":"hexo","hostname":"izm5eiqbgyn5z3c15j5nedz","pid":3438,"level":20,"msg":"Plugin loaded: \u001b[35mhexo-renderer-stylus\u001b[39m","time":"2020-05-16T01:46:47.426Z","v":0}
{"name":"hexo","hostname":"izm5eiqbgyn5z3c15j5nedz","pid":3438,"level":20,"msg":"Plugin loaded: \u001b[35mhexo-server\u001b[39m","time":"2020-05-16T01:46:48.068Z","v":0}
{"name":"hexo","hostname":"izm5eiqbgyn5z3c15j5nedz","pid":3438,"level":20,"msg":"Script loaded: \u001b[35mthemes/ayer/scripts/filters/index.js\u001b[39m","time":"2020-05-16T01:46:48.094Z","v":0}
{"name":"hexo","hostname":"izm5eiqbgyn5z3c15j5nedz","pid":3438,"level":20,"msg":"Script loaded: \u001b[35mthemes/ayer/scripts/helpers/ayer-plus-vendors.js\u001b[39m","time":"2020-05-16T01:46:48.095Z","v":0}
{"name":"hexo","hostname":"izm5eiqbgyn5z3c15j5nedz","pid":3438,"level":20,"msg":"Script loaded: \u001b[35mthemes/ayer/scripts/filters/meta_generator.js\u001b[39m","time":"2020-05-16T01:46:48.095Z","v":0}
{"name":"hexo","hostname":"izm5eiqbgyn5z3c15j5nedz","pid":3438,"level":20,"msg":"Script loaded: \u001b[35mthemes/ayer/scripts/default_config.js\u001b[39m","time":"2020-05-16T01:46:48.096Z","v":0}
{"name":"hexo","hostname":"izm5eiqbgyn5z3c15j5nedz","pid":3438,"level":20,"msg":"Script loaded: \u001b[35mthemes/ayer/scripts/lib/core.js\u001b[39m","time":"2020-05-16T01:46:48.096Z","v":0}
{"name":"hexo","hostname":"izm5eiqbgyn5z3c15j5nedz","pid":3438,"level":20,"msg":"Script loaded: \u001b[35mthemes/ayer/scripts/helpers/wordcount.js\u001b[39m","time":"2020-05-16T01:46:48.097Z","v":0}
